c:\users\ccg\documents\visual studio 2013\projects\3d-scanner\x64\debug\vc120.pdb
c:\users\ccg\documents\visual studio 2013\projects\3d-scanner\x64\debug\vc120.idb
c:\users\ccg\documents\visual studio 2013\projects\3d-scanner\x64\debug\cloudfilters.obj
c:\users\ccg\documents\visual studio 2013\projects\3d-scanner\x64\debug\imagerenderer.obj
c:\users\ccg\documents\visual studio 2013\projects\3d-scanner\x64\debug\kinectfusionexplorer.obj
c:\users\ccg\documents\visual studio 2013\projects\3d-scanner\x64\debug\kinectfusionhelper.obj
c:\users\ccg\documents\visual studio 2013\projects\3d-scanner\x64\debug\kinectfusionprocessor.obj
c:\users\ccg\documents\visual studio 2013\projects\3d-scanner\x64\debug\kinectfusionprocessorframe.obj
c:\users\ccg\documents\visual studio 2013\projects\3d-scanner\x64\debug\pclhelper.obj
c:\users\ccg\documents\visual studio 2013\projects\3d-scanner\x64\debug\surfacereconstruction.obj
c:\users\ccg\documents\visual studio 2013\projects\3d-scanner\x64\debug\timer.obj
c:\users\ccg\documents\visual studio 2013\projects\3d-scanner\x64\debug\3d-scanner.ilk
c:\users\ccg\documents\visual studio 2013\projects\3d-scanner\x64\debug\3d-scanner.exe
c:\users\ccg\documents\visual studio 2013\projects\3d-scanner\x64\debug\3d-scanner.pdb
c:\users\ccg\documents\visual studio 2013\projects\3d-scanner\x64\debug\3d-scanner.res
c:\users\ccg\documents\visual studio 2013\projects\3d-scanner\x64\debug\3d-scanner.tlog\cl.command.1.tlog
c:\users\ccg\documents\visual studio 2013\projects\3d-scanner\x64\debug\3d-scanner.tlog\cl.read.1.tlog
c:\users\ccg\documents\visual studio 2013\projects\3d-scanner\x64\debug\3d-scanner.tlog\cl.write.1.tlog
c:\users\ccg\documents\visual studio 2013\projects\3d-scanner\x64\debug\3d-scanner.tlog\link.command.1.tlog
c:\users\ccg\documents\visual studio 2013\projects\3d-scanner\x64\debug\3d-scanner.tlog\link.read.1.tlog
c:\users\ccg\documents\visual studio 2013\projects\3d-scanner\x64\debug\3d-scanner.tlog\link.write.1.tlog
c:\users\ccg\documents\visual studio 2013\projects\3d-scanner\x64\debug\3d-scanner.tlog\rc.command.1.tlog
c:\users\ccg\documents\visual studio 2013\projects\3d-scanner\x64\debug\3d-scanner.tlog\rc.read.1.tlog
c:\users\ccg\documents\visual studio 2013\projects\3d-scanner\x64\debug\3d-scanner.tlog\rc.write.1.tlog
