Build started 3/13/2015 3:02:32 PM.
     1>Project "C:\Users\ccg\Documents\Visual Studio 2013\Projects\3D-Scanner\3D-Scanner.vcxproj" on node 2 (Build target(s)).
     1>ClCompile:
         C:\Program Files (x86)\Microsoft Visual Studio 12.0\VC\bin\x86_amd64\CL.exe /c /I"C:\Program Files\Microsoft SDKs\Kinect\v2.0_1409\inc" /Zi /nologo /W1 /WX- /Od /D WIN32 /D _DEBUG /D _WINDOWS /D _UNICODE /D UNICODE /Gm /EHsc /RTC1 /MDd /GS /fp:precise /Zc:wchar_t /Zc:forScope /Fo"x64\Debug\\" /Fd"x64\Debug\vc120.pdb" /Gd /TP /errorReport:prompt CloudFilters.cpp
         CloudFilters.cpp
       Link:
         C:\Program Files (x86)\Microsoft Visual Studio 12.0\VC\bin\x86_amd64\link.exe /ERRORREPORT:PROMPT /OUT:"C:\Users\ccg\Documents\Visual Studio 2013\Projects\3D-Scanner\x64\Debug\3D-Scanner.exe" /INCREMENTAL /NOLOGO kinect20.lib Kinect20.Fusion.lib pcl_common_debug.lib pcl_features_debug.lib pcl_filters_debug.lib pcl_io_debug.lib pcl_io_ply_debug.lib pcl_kdtree_debug.lib pcl_keypoints_debug.lib pcl_octree_debug.lib pcl_outofcore_debug.lib pcl_people_debug.lib pcl_recognition_debug.lib pcl_registration_debug.lib pcl_sample_consensus_debug.lib pcl_search_debug.lib pcl_segmentation_debug.lib pcl_surface_debug.lib pcl_tracking_debug.lib pcl_visualization_debug.lib "libboost_atomic-vc120-mt-gd-1_56.lib" "libboost_chrono-vc120-mt-gd-1_56.lib" "libboost_container-vc120-mt-gd-1_56.lib" "libboost_context-vc120-mt-gd-1_56.lib" "libboost_coroutine-vc120-mt-gd-1_56.lib" "libboost_date_time-vc120-mt-gd-1_56.lib" "libboost_exception-vc120-mt-gd-1_56.lib" "libboost_filesystem-vc120-mt-gd-1_56.lib" "libboost_graph-vc120-mt-gd-1_56.lib" "libboost_iostreams-vc120-mt-gd-1_56.lib" "libboost_locale-vc120-mt-gd-1_56.lib" "libboost_log-vc120-mt-gd-1_56.lib" "libboost_log_setup-vc120-mt-gd-1_56.lib" "libboost_math_c99-vc120-mt-gd-1_56.lib" "libboost_math_c99f-vc120-mt-gd-1_56.lib" "libboost_math_c99l-vc120-mt-gd-1_56.lib" "libboost_math_tr1-vc120-mt-gd-1_56.lib" "libboost_math_tr1f-vc120-mt-gd-1_56.lib" "libboost_math_tr1l-vc120-mt-gd-1_56.lib" "libboost_mpi-vc120-mt-gd-1_56.lib" "libboost_prg_exec_monitor-vc120-mt-gd-1_56.lib" "libboost_program_options-vc120-mt-gd-1_56.lib" "libboost_random-vc120-mt-gd-1_56.lib" "libboost_regex-vc120-mt-gd-1_56.lib" "libboost_serialization-vc120-mt-gd-1_56.lib" "libboost_signals-vc120-mt-gd-1_56.lib" "libboost_system-vc120-mt-gd-1_56.lib" "libboost_test_exec_monitor-vc120-mt-gd-1_56.lib" "libboost_thread-vc120-mt-gd-1_56.lib" "libboost_timer-vc120-mt-gd-1_56.lib" "libboost_unit_test_framework-vc120-mt-gd-1_56.lib" "libboost_wave-vc120-mt-gd-1_56.lib" "libboost_wserialization-vc120-mt-gd-1_56.lib" "flann_cpp_s-gd.lib" qhullstatic_d.lib "vtkalglib-6.1-gd.lib" "vtkChartsCore-6.1-gd.lib" "vtkCommonColor-6.1-gd.lib" "vtkCommonComputationalGeometry-6.1-gd.lib" "vtkCommonCore-6.1-gd.lib" "vtkCommonDataModel-6.1-gd.lib" "vtkCommonExecutionModel-6.1-gd.lib" "vtkCommonMath-6.1-gd.lib" "vtkCommonMisc-6.1-gd.lib" "vtkCommonSystem-6.1-gd.lib" "vtkCommonTransforms-6.1-gd.lib" "vtkDICOMParser-6.1-gd.lib" "vtkDomainsChemistry-6.1-gd.lib" "vtkexoIIc-6.1-gd.lib" "vtkexpat-6.1-gd.lib" "vtkFiltersAMR-6.1-gd.lib" "vtkFiltersCore-6.1-gd.lib" "vtkFiltersExtraction-6.1-gd.lib" "vtkFiltersFlowPaths-6.1-gd.lib" "vtkFiltersGeneral-6.1-gd.lib" "vtkFiltersGeneric-6.1-gd.lib" "vtkFiltersGeometry-6.1-gd.lib" "vtkFiltersHybrid-6.1-gd.lib" "vtkFiltersHyperTree-6.1-gd.lib" "vtkFiltersImaging-6.1-gd.lib" "vtkFiltersModeling-6.1-gd.lib" "vtkFiltersParallel-6.1-gd.lib" "vtkFiltersParallelImaging-6.1-gd.lib" "vtkFiltersProgrammable-6.1-gd.lib" "vtkFiltersSelection-6.1-gd.lib" "vtkFiltersSMP-6.1-gd.lib" "vtkFiltersSources-6.1-gd.lib" "vtkFiltersStatistics-6.1-gd.lib" "vtkFiltersTexture-6.1-gd.lib" "vtkFiltersVerdict-6.1-gd.lib" "vtkfreetype-6.1-gd.lib" "vtkftgl-6.1-gd.lib" "vtkGeovisCore-6.1-gd.lib" "vtkgl2ps-6.1-gd.lib" "vtkhdf5-6.1-gd.lib" "vtkhdf5_hl-6.1-gd.lib" "vtkImagingColor-6.1-gd.lib" "vtkImagingCore-6.1-gd.lib" "vtkImagingFourier-6.1-gd.lib" "vtkImagingGeneral-6.1-gd.lib" "vtkImagingHybrid-6.1-gd.lib" "vtkImagingMath-6.1-gd.lib" "vtkImagingMorphological-6.1-gd.lib" "vtkImagingSources-6.1-gd.lib" "vtkImagingStatistics-6.1-gd.lib" "vtkImagingStencil-6.1-gd.lib" "vtkInfovisCore-6.1-gd.lib" "vtkInfovisLayout-6.1-gd.lib" "vtkInteractionImage-6.1-gd.lib" "vtkInteractionStyle-6.1-gd.lib" "vtkInteractionWidgets-6.1-gd.lib" "vtkIOAMR-6.1-gd.lib" "vtkIOCore-6.1-gd.lib" "vtkIOEnSight-6.1-gd.lib" "vtkIOExodus-6.1-gd.lib" "vtkIOExport-6.1-gd.lib" "vtkIOGeometry-6.1-gd.lib" "vtkIOImage-6.1-gd.lib" "vtkIOImport-6.1-gd.lib" "vtkIOInfovis-6.1-gd.lib" "vtkIOLegacy-6.1-gd.lib" "vtkIOLSDyna-6.1-gd.lib" "vtkIOMINC-6.1-gd.lib" "vtkIOMovie-6.1-gd.lib" "vtkIONetCDF-6.1-gd.lib" "vtkIOParallel-6.1-gd.lib" "vtkIOPLY-6.1-gd.lib" "vtkIOSQL-6.1-gd.lib" "vtkIOVideo-6.1-gd.lib" "vtkIOXML-6.1-gd.lib" "vtkIOXMLParser-6.1-gd.lib" "vtkjpeg-6.1-gd.lib" "vtkjsoncpp-6.1-gd.lib" "vtklibxml2-6.1-gd.lib" "vtkmetaio-6.1-gd.lib" "vtkNetCDF-6.1-gd.lib" "vtkNetCDF_cxx-6.1-gd.lib" "vtkoggtheora-6.1-gd.lib" "vtkParallelCore-6.1-gd.lib" "vtkpng-6.1-gd.lib" "vtkproj4-6.1-gd.lib" "vtkRenderingAnnotation-6.1-gd.lib" "vtkRenderingContext2D-6.1-gd.lib" "vtkRenderingCore-6.1-gd.lib" "vtkRenderingFreeType-6.1-gd.lib" "vtkRenderingFreeTypeOpenGL-6.1-gd.lib" "vtkRenderingGL2PS-6.1-gd.lib" "vtkRenderingImage-6.1-gd.lib" "vtkRenderingLabel-6.1-gd.lib" "vtkRenderingLIC-6.1-gd.lib" "vtkRenderingLOD-6.1-gd.lib" "vtkRenderingOpenGL-6.1-gd.lib" "vtkRenderingVolume-6.1-gd.lib" "vtkRenderingVolumeAMR-6.1-gd.lib" "vtkRenderingVolumeOpenGL-6.1-gd.lib" "vtksqlite-6.1-gd.lib" "vtksys-6.1-gd.lib" "vtktiff-6.1-gd.lib" "vtkverdict-6.1-gd.lib" "vtkViewsContext2D-6.1-gd.lib" "vtkViewsCore-6.1-gd.lib" "vtkViewsGeovis-6.1-gd.lib" "vtkViewsInfovis-6.1-gd.lib" "vtkzlib-6.1-gd.lib" kernel32.lib user32.lib gdi32.lib winspool.lib comdlg32.lib advapi32.lib shell32.lib ole32.lib oleaut32.lib uuid.lib odbc32.lib odbccp32.lib /MANIFEST /MANIFESTUAC:"level='asInvoker' uiAccess='false'" /manifest:embed /DEBUG /PDB:"C:\Users\ccg\Documents\Visual Studio 2013\Projects\3D-Scanner\x64\Debug\3D-Scanner.pdb" /SUBSYSTEM:WINDOWS /STACK:"10000000","10000000" /TLBID:1 /DYNAMICBASE /NXCOMPAT /IMPLIB:"C:\Users\ccg\Documents\Visual Studio 2013\Projects\3D-Scanner\x64\Debug\3D-Scanner.lib" /MACHINE:X64 "x64\Debug\3D-Scanner.res"
         x64\Debug\CloudFilters.obj
         x64\Debug\ImageRenderer.obj
         x64\Debug\KinectFusionExplorer.obj
         x64\Debug\KinectFusionHelper.obj
         x64\Debug\KinectFusionProcessor.obj
         x64\Debug\KinectFusionProcessorFrame.obj
         x64\Debug\PclHelper.obj
         x64\Debug\SurfaceReconstruction.obj
         x64\Debug\Timer.obj
         3D-Scanner.vcxproj -> C:\Users\ccg\Documents\Visual Studio 2013\Projects\3D-Scanner\x64\Debug\3D-Scanner.exe
       PostBuildEvent:
         xcopy /C /Y "C:\Program Files\Microsoft SDKs\Kinect\v2.0_1409\Redist\Fusion\x64\Kinect20.Fusion.dll" "C:\Users\ccg\Documents\Visual Studio 2013\Projects\3D-Scanner\x64\Debug\"
         :VCEnd
         C:\Program Files\Microsoft SDKs\Kinect\v2.0_1409\Redist\Fusion\x64\Kinect20.Fusion.dll
         1 File(s) copied
     1>Done Building Project "C:\Users\ccg\Documents\Visual Studio 2013\Projects\3D-Scanner\3D-Scanner.vcxproj" (Build target(s)).

Build succeeded.

Time Elapsed 00:00:23.69
